2024-12-12 14:21:18,860 DEBUG    root            Loaded Command Group: ['gcloud', 'components']
2024-12-12 14:21:18,864 DEBUG    root            Loaded Command Group: ['gcloud', 'components', 'update']
2024-12-12 14:21:18,866 DEBUG    root            Running [gcloud.components.update] with arguments: [--compile-python: "True", --quiet: "True", COMPONENT-IDS:6: "['core', 'gcloud-deps', 'bq', 'gcloud', 'gcloud-crc32c', 'gsutil']"]
2024-12-12 14:21:18,867 INFO     ___FILE_ONLY___ Beginning update. This process may take several minutes.

2024-12-12 14:21:18,898 DEBUG    urllib3.connectionpool Starting new HTTPS connection (1): dl.google.com:443
2024-12-12 14:21:18,961 DEBUG    urllib3.connectionpool https://dl.google.com:443 "GET /dl/cloudsdk/channels/rapid/components-2.json HTTP/1.1" 200 227817
2024-12-12 14:21:18,975 INFO     ___FILE_ONLY___ 

2024-12-12 14:21:18,976 INFO     ___FILE_ONLY___ 
Your current Google Cloud CLI version is: 503.0.0

2024-12-12 14:21:18,976 INFO     ___FILE_ONLY___ Installing components from version: 503.0.0

2024-12-12 14:21:18,976 INFO     ___FILE_ONLY___ 

2024-12-12 14:21:18,976 DEBUG    root            Chosen display Format:table[box,title="These components will be removed."](details.display_name:label=Name:align=left,version.version_string:label=Version:align=right,data.size.size(zero="",min=1048576):label=Size:align=right)
2024-12-12 14:21:18,977 DEBUG    root            Chosen display Format:table[box,title="These components will be updated."](details.display_name:label=Name:align=left,version.version_string:label=Version:align=right,data.size.size(zero="",min=1048576):label=Size:align=right)
2024-12-12 14:21:18,978 DEBUG    root            Chosen display Format:table[box,title="These components will be installed."](details.display_name:label=Name:align=left,version.version_string:label=Version:align=right,data.size.size(zero="",min=1048576):label=Size:align=right)
2024-12-12 14:21:19,018 INFO     ___FILE_ONLY___ ┌─────────────────────────────────────────────────────────────────────────────┐
2024-12-12 14:21:19,019 INFO     ___FILE_ONLY___ 

2024-12-12 14:21:19,019 INFO     ___FILE_ONLY___ │                     These components will be installed.                     │
2024-12-12 14:21:19,019 INFO     ___FILE_ONLY___ 

2024-12-12 14:21:19,019 INFO     ___FILE_ONLY___ ├─────────────────────────────────────────────────────┬────────────┬──────────┤
2024-12-12 14:21:19,019 INFO     ___FILE_ONLY___ 

2024-12-12 14:21:19,019 INFO     ___FILE_ONLY___ │                         Name                        │  Version   │   Size   │
2024-12-12 14:21:19,019 INFO     ___FILE_ONLY___ 

2024-12-12 14:21:19,019 INFO     ___FILE_ONLY___ ├─────────────────────────────────────────────────────┼────────────┼──────────┤
2024-12-12 14:21:19,019 INFO     ___FILE_ONLY___ 

2024-12-12 14:21:19,019 INFO     ___FILE_ONLY___ │ 
2024-12-12 14:21:19,019 INFO     ___FILE_ONLY___ BigQuery Command Line Tool                         
2024-12-12 14:21:19,019 INFO     ___FILE_ONLY___  
2024-12-12 14:21:19,020 INFO     ___FILE_ONLY___ │ 
2024-12-12 14:21:19,020 INFO     ___FILE_ONLY___     2.1.10
2024-12-12 14:21:19,020 INFO     ___FILE_ONLY___  
2024-12-12 14:21:19,020 INFO     ___FILE_ONLY___ │ 
2024-12-12 14:21:19,020 INFO     ___FILE_ONLY___  1.7 MiB
2024-12-12 14:21:19,020 INFO     ___FILE_ONLY___  
2024-12-12 14:21:19,020 INFO     ___FILE_ONLY___ │
2024-12-12 14:21:19,020 INFO     ___FILE_ONLY___ 

2024-12-12 14:21:19,020 INFO     ___FILE_ONLY___ │ 
2024-12-12 14:21:19,020 INFO     ___FILE_ONLY___ BigQuery Command Line Tool (Platform Specific)     
2024-12-12 14:21:19,020 INFO     ___FILE_ONLY___  
2024-12-12 14:21:19,020 INFO     ___FILE_ONLY___ │ 
2024-12-12 14:21:19,020 INFO     ___FILE_ONLY___      2.1.8
2024-12-12 14:21:19,020 INFO     ___FILE_ONLY___  
2024-12-12 14:21:19,020 INFO     ___FILE_ONLY___ │ 
2024-12-12 14:21:19,020 INFO     ___FILE_ONLY___  < 1 MiB
2024-12-12 14:21:19,020 INFO     ___FILE_ONLY___  
2024-12-12 14:21:19,020 INFO     ___FILE_ONLY___ │
2024-12-12 14:21:19,021 INFO     ___FILE_ONLY___ 

2024-12-12 14:21:19,021 INFO     ___FILE_ONLY___ │ 
2024-12-12 14:21:19,021 INFO     ___FILE_ONLY___ Bundled Python 3.11 (Platform Specific)            
2024-12-12 14:21:19,021 INFO     ___FILE_ONLY___  
2024-12-12 14:21:19,021 INFO     ___FILE_ONLY___ │ 
2024-12-12 14:21:19,021 INFO     ___FILE_ONLY___     3.11.9
2024-12-12 14:21:19,021 INFO     ___FILE_ONLY___  
2024-12-12 14:21:19,021 INFO     ___FILE_ONLY___ │ 
2024-12-12 14:21:19,021 INFO     ___FILE_ONLY___ 74.4 MiB
2024-12-12 14:21:19,021 INFO     ___FILE_ONLY___  
2024-12-12 14:21:19,021 INFO     ___FILE_ONLY___ │
2024-12-12 14:21:19,021 INFO     ___FILE_ONLY___ 

2024-12-12 14:21:19,021 INFO     ___FILE_ONLY___ │ 
2024-12-12 14:21:19,021 INFO     ___FILE_ONLY___ Cloud Storage Command Line Tool                    
2024-12-12 14:21:19,021 INFO     ___FILE_ONLY___  
2024-12-12 14:21:19,021 INFO     ___FILE_ONLY___ │ 
2024-12-12 14:21:19,021 INFO     ___FILE_ONLY___       5.32
2024-12-12 14:21:19,021 INFO     ___FILE_ONLY___  
2024-12-12 14:21:19,021 INFO     ___FILE_ONLY___ │ 
2024-12-12 14:21:19,022 INFO     ___FILE_ONLY___ 11.8 MiB
2024-12-12 14:21:19,022 INFO     ___FILE_ONLY___  
2024-12-12 14:21:19,022 INFO     ___FILE_ONLY___ │
2024-12-12 14:21:19,022 INFO     ___FILE_ONLY___ 

2024-12-12 14:21:19,022 INFO     ___FILE_ONLY___ │ 
2024-12-12 14:21:19,022 INFO     ___FILE_ONLY___ Cloud Storage Command Line Tool (Platform Specific)
2024-12-12 14:21:19,022 INFO     ___FILE_ONLY___  
2024-12-12 14:21:19,022 INFO     ___FILE_ONLY___ │ 
2024-12-12 14:21:19,022 INFO     ___FILE_ONLY___       5.30
2024-12-12 14:21:19,022 INFO     ___FILE_ONLY___  
2024-12-12 14:21:19,022 INFO     ___FILE_ONLY___ │ 
2024-12-12 14:21:19,022 INFO     ___FILE_ONLY___  < 1 MiB
2024-12-12 14:21:19,022 INFO     ___FILE_ONLY___  
2024-12-12 14:21:19,022 INFO     ___FILE_ONLY___ │
2024-12-12 14:21:19,022 INFO     ___FILE_ONLY___ 

2024-12-12 14:21:19,022 INFO     ___FILE_ONLY___ │ 
2024-12-12 14:21:19,022 INFO     ___FILE_ONLY___ Google Cloud CLI Core Libraries (Platform Specific)
2024-12-12 14:21:19,022 INFO     ___FILE_ONLY___  
2024-12-12 14:21:19,022 INFO     ___FILE_ONLY___ │ 
2024-12-12 14:21:19,023 INFO     ___FILE_ONLY___ 2024.08.30
2024-12-12 14:21:19,023 INFO     ___FILE_ONLY___  
2024-12-12 14:21:19,023 INFO     ___FILE_ONLY___ │ 
2024-12-12 14:21:19,023 INFO     ___FILE_ONLY___  < 1 MiB
2024-12-12 14:21:19,023 INFO     ___FILE_ONLY___  
2024-12-12 14:21:19,023 INFO     ___FILE_ONLY___ │
2024-12-12 14:21:19,023 INFO     ___FILE_ONLY___ 

2024-12-12 14:21:19,023 INFO     ___FILE_ONLY___ │ 
2024-12-12 14:21:19,023 INFO     ___FILE_ONLY___ Google Cloud CRC32C Hash Tool (Platform Specific)  
2024-12-12 14:21:19,023 INFO     ___FILE_ONLY___  
2024-12-12 14:21:19,023 INFO     ___FILE_ONLY___ │ 
2024-12-12 14:21:19,023 INFO     ___FILE_ONLY___      1.0.0
2024-12-12 14:21:19,023 INFO     ___FILE_ONLY___  
2024-12-12 14:21:19,023 INFO     ___FILE_ONLY___ │ 
2024-12-12 14:21:19,023 INFO     ___FILE_ONLY___  1.3 MiB
2024-12-12 14:21:19,023 INFO     ___FILE_ONLY___  
2024-12-12 14:21:19,023 INFO     ___FILE_ONLY___ │
2024-12-12 14:21:19,024 INFO     ___FILE_ONLY___ 

2024-12-12 14:21:19,024 INFO     ___FILE_ONLY___ │ 
2024-12-12 14:21:19,024 INFO     ___FILE_ONLY___ gcloud cli dependencies (Platform Specific)        
2024-12-12 14:21:19,024 INFO     ___FILE_ONLY___  
2024-12-12 14:21:19,024 INFO     ___FILE_ONLY___ │ 
2024-12-12 14:21:19,024 INFO     ___FILE_ONLY___ 2021.04.16
2024-12-12 14:21:19,024 INFO     ___FILE_ONLY___  
2024-12-12 14:21:19,024 INFO     ___FILE_ONLY___ │ 
2024-12-12 14:21:19,024 INFO     ___FILE_ONLY___  < 1 MiB
2024-12-12 14:21:19,024 INFO     ___FILE_ONLY___  
2024-12-12 14:21:19,024 INFO     ___FILE_ONLY___ │
2024-12-12 14:21:19,024 INFO     ___FILE_ONLY___ 

2024-12-12 14:21:19,024 INFO     ___FILE_ONLY___ └─────────────────────────────────────────────────────┴────────────┴──────────┘
2024-12-12 14:21:19,024 INFO     ___FILE_ONLY___ 

2024-12-12 14:21:19,024 INFO     ___FILE_ONLY___ 

2024-12-12 14:21:19,027 DEBUG    urllib3.connectionpool Starting new HTTPS connection (1): dl.google.com:443
2024-12-12 14:21:19,096 DEBUG    urllib3.connectionpool https://dl.google.com:443 "GET /dl/cloudsdk/channels/rapid/RELEASE_NOTES HTTP/1.1" 200 1327953
2024-12-12 14:21:19,137 INFO     ___FILE_ONLY___ For the latest full release notes, please visit:
  https://cloud.google.com/sdk/release_notes


2024-12-12 14:21:19,137 INFO     ___FILE_ONLY___ Performing in place update...


2024-12-12 14:21:19,140 INFO     ___FILE_ONLY___ ╔════════════════════════════════════════════════════════════╗

2024-12-12 14:21:19,140 INFO     ___FILE_ONLY___ ╠═ Downloading: BigQuery Command Line Tool                  ═╣

2024-12-12 14:21:19,140 INFO     ___FILE_ONLY___ ╚
2024-12-12 14:21:19,143 DEBUG    urllib3.connectionpool Starting new HTTPS connection (1): dl.google.com:443
2024-12-12 14:21:19,205 DEBUG    urllib3.connectionpool https://dl.google.com:443 "GET /dl/cloudsdk/channels/rapid/components/google-cloud-sdk-bq-20241206142025.tar.gz HTTP/1.1" 200 1827749
2024-12-12 14:21:19,214 INFO     ___FILE_ONLY___ ═
2024-12-12 14:21:19,214 INFO     ___FILE_ONLY___ ═
2024-12-12 14:21:19,214 INFO     ___FILE_ONLY___ ═
2024-12-12 14:21:19,215 INFO     ___FILE_ONLY___ ═
2024-12-12 14:21:19,215 INFO     ___FILE_ONLY___ ═
2024-12-12 14:21:19,215 INFO     ___FILE_ONLY___ ═
2024-12-12 14:21:19,215 INFO     ___FILE_ONLY___ ═
2024-12-12 14:21:19,215 INFO     ___FILE_ONLY___ ═
2024-12-12 14:21:19,215 INFO     ___FILE_ONLY___ ═
2024-12-12 14:21:19,215 INFO     ___FILE_ONLY___ ═
2024-12-12 14:21:19,215 INFO     ___FILE_ONLY___ ═
2024-12-12 14:21:19,215 INFO     ___FILE_ONLY___ ═
2024-12-12 14:21:19,215 INFO     ___FILE_ONLY___ ═
2024-12-12 14:21:19,216 INFO     ___FILE_ONLY___ ═
2024-12-12 14:21:19,216 INFO     ___FILE_ONLY___ ═
2024-12-12 14:21:19,216 INFO     ___FILE_ONLY___ ═
2024-12-12 14:21:19,216 INFO     ___FILE_ONLY___ ═
2024-12-12 14:21:19,216 INFO     ___FILE_ONLY___ ═
2024-12-12 14:21:19,216 INFO     ___FILE_ONLY___ ═
2024-12-12 14:21:19,216 INFO     ___FILE_ONLY___ ═
2024-12-12 14:21:19,216 INFO     ___FILE_ONLY___ ═
2024-12-12 14:21:19,216 INFO     ___FILE_ONLY___ ═
2024-12-12 14:21:19,216 INFO     ___FILE_ONLY___ ═
2024-12-12 14:21:19,217 INFO     ___FILE_ONLY___ ═
2024-12-12 14:21:19,217 INFO     ___FILE_ONLY___ ═
2024-12-12 14:21:19,217 INFO     ___FILE_ONLY___ ═
2024-12-12 14:21:19,217 INFO     ___FILE_ONLY___ ═
2024-12-12 14:21:19,217 INFO     ___FILE_ONLY___ ═
2024-12-12 14:21:19,217 INFO     ___FILE_ONLY___ ═
2024-12-12 14:21:19,217 INFO     ___FILE_ONLY___ ═
2024-12-12 14:21:19,217 INFO     ___FILE_ONLY___ ═
2024-12-12 14:21:19,217 INFO     ___FILE_ONLY___ ═
2024-12-12 14:21:19,217 INFO     ___FILE_ONLY___ ═
2024-12-12 14:21:19,218 INFO     ___FILE_ONLY___ ═
2024-12-12 14:21:19,218 INFO     ___FILE_ONLY___ ═
2024-12-12 14:21:19,218 INFO     ___FILE_ONLY___ ═
2024-12-12 14:21:19,218 INFO     ___FILE_ONLY___ ═
2024-12-12 14:21:19,218 INFO     ___FILE_ONLY___ ═
2024-12-12 14:21:19,218 INFO     ___FILE_ONLY___ ═
2024-12-12 14:21:19,218 INFO     ___FILE_ONLY___ ═
2024-12-12 14:21:19,218 INFO     ___FILE_ONLY___ ═
2024-12-12 14:21:19,218 INFO     ___FILE_ONLY___ ═
2024-12-12 14:21:19,218 INFO     ___FILE_ONLY___ ═
2024-12-12 14:21:19,219 INFO     ___FILE_ONLY___ ═
2024-12-12 14:21:19,219 INFO     ___FILE_ONLY___ ═
2024-12-12 14:21:19,219 INFO     ___FILE_ONLY___ ═
2024-12-12 14:21:19,219 INFO     ___FILE_ONLY___ ═
2024-12-12 14:21:19,219 INFO     ___FILE_ONLY___ ═
2024-12-12 14:21:19,219 INFO     ___FILE_ONLY___ ═
2024-12-12 14:21:19,219 INFO     ___FILE_ONLY___ ═
2024-12-12 14:21:19,219 INFO     ___FILE_ONLY___ ═
2024-12-12 14:21:19,219 INFO     ___FILE_ONLY___ ═
2024-12-12 14:21:19,219 INFO     ___FILE_ONLY___ ═
2024-12-12 14:21:19,220 INFO     ___FILE_ONLY___ ═
2024-12-12 14:21:19,220 INFO     ___FILE_ONLY___ ═
2024-12-12 14:21:19,220 INFO     ___FILE_ONLY___ ═
2024-12-12 14:21:19,220 INFO     ___FILE_ONLY___ ═
2024-12-12 14:21:19,220 INFO     ___FILE_ONLY___ ═
2024-12-12 14:21:19,220 INFO     ___FILE_ONLY___ ═
2024-12-12 14:21:19,220 INFO     ___FILE_ONLY___ ═
2024-12-12 14:21:19,220 INFO     ___FILE_ONLY___ ╝

2024-12-12 14:21:19,222 INFO     ___FILE_ONLY___ ╔════════════════════════════════════════════════════════════╗

2024-12-12 14:21:19,223 INFO     ___FILE_ONLY___ ╠═ Downloading: BigQuery Command Line Tool (Platform Spe... ═╣

2024-12-12 14:21:19,223 INFO     ___FILE_ONLY___ ╚
2024-12-12 14:21:19,226 DEBUG    urllib3.connectionpool Starting new HTTPS connection (1): dl.google.com:443
2024-12-12 14:21:19,287 DEBUG    urllib3.connectionpool https://dl.google.com:443 "GET /dl/cloudsdk/channels/rapid/components/google-cloud-sdk-bq-nix-20240830134514.tar.gz HTTP/1.1" 200 1914
2024-12-12 14:21:19,288 INFO     ___FILE_ONLY___ ════════════════════════════════════════════════════════════
2024-12-12 14:21:19,288 INFO     ___FILE_ONLY___ ╝

2024-12-12 14:21:19,291 INFO     ___FILE_ONLY___ ╔════════════════════════════════════════════════════════════╗

2024-12-12 14:21:19,291 INFO     ___FILE_ONLY___ ╠═ Downloading: Bundled Python 3.11                         ═╣

2024-12-12 14:21:19,291 INFO     ___FILE_ONLY___ ╚
2024-12-12 14:21:19,291 INFO     ___FILE_ONLY___ ════════════════════════════════════════════════════════════
2024-12-12 14:21:19,291 INFO     ___FILE_ONLY___ ╝

2024-12-12 14:21:19,293 INFO     ___FILE_ONLY___ ╔════════════════════════════════════════════════════════════╗

2024-12-12 14:21:19,293 INFO     ___FILE_ONLY___ ╠═ Downloading: Bundled Python 3.11 (Platform Specific)     ═╣

2024-12-12 14:21:19,293 INFO     ___FILE_ONLY___ ╚
2024-12-12 14:21:19,296 DEBUG    urllib3.connectionpool Starting new HTTPS connection (1): dl.google.com:443
2024-12-12 14:21:19,392 DEBUG    urllib3.connectionpool https://dl.google.com:443 "GET /dl/cloudsdk/channels/rapid/components/google-cloud-sdk-bundled-python3-unix-linux-x86_64-20240920144119.tar.gz HTTP/1.1" 200 78001783
2024-12-12 14:21:19,662 INFO     ___FILE_ONLY___ ═
2024-12-12 14:21:19,665 INFO     ___FILE_ONLY___ ═
2024-12-12 14:21:19,668 INFO     ___FILE_ONLY___ ═
2024-12-12 14:21:19,670 INFO     ___FILE_ONLY___ ═
2024-12-12 14:21:19,672 INFO     ___FILE_ONLY___ ═
2024-12-12 14:21:19,676 INFO     ___FILE_ONLY___ ═
2024-12-12 14:21:19,678 INFO     ___FILE_ONLY___ ═
2024-12-12 14:21:19,679 INFO     ___FILE_ONLY___ ═
2024-12-12 14:21:19,682 INFO     ___FILE_ONLY___ ═
2024-12-12 14:21:19,685 INFO     ___FILE_ONLY___ ═
2024-12-12 14:21:19,687 INFO     ___FILE_ONLY___ ═
2024-12-12 14:21:19,689 INFO     ___FILE_ONLY___ ═
2024-12-12 14:21:19,691 INFO     ___FILE_ONLY___ ═
2024-12-12 14:21:19,693 INFO     ___FILE_ONLY___ ═
2024-12-12 14:21:19,698 INFO     ___FILE_ONLY___ ═
2024-12-12 14:21:19,699 INFO     ___FILE_ONLY___ ═
2024-12-12 14:21:19,701 INFO     ___FILE_ONLY___ ═
2024-12-12 14:21:19,703 INFO     ___FILE_ONLY___ ═
2024-12-12 14:21:19,705 INFO     ___FILE_ONLY___ ═
2024-12-12 14:21:19,707 INFO     ___FILE_ONLY___ ═
2024-12-12 14:21:19,708 INFO     ___FILE_ONLY___ ═
2024-12-12 14:21:19,710 INFO     ___FILE_ONLY___ ═
2024-12-12 14:21:19,713 INFO     ___FILE_ONLY___ ═
2024-12-12 14:21:19,716 INFO     ___FILE_ONLY___ ═
2024-12-12 14:21:19,717 INFO     ___FILE_ONLY___ ═
2024-12-12 14:21:19,722 INFO     ___FILE_ONLY___ ═
2024-12-12 14:21:19,723 INFO     ___FILE_ONLY___ ═
2024-12-12 14:21:19,725 INFO     ___FILE_ONLY___ ═
2024-12-12 14:21:19,728 INFO     ___FILE_ONLY___ ═
2024-12-12 14:21:19,731 INFO     ___FILE_ONLY___ ═
2024-12-12 14:21:19,733 INFO     ___FILE_ONLY___ ═
2024-12-12 14:21:19,736 INFO     ___FILE_ONLY___ ═
2024-12-12 14:21:19,738 INFO     ___FILE_ONLY___ ═
2024-12-12 14:21:19,740 INFO     ___FILE_ONLY___ ═
2024-12-12 14:21:19,741 INFO     ___FILE_ONLY___ ═
2024-12-12 14:21:19,743 INFO     ___FILE_ONLY___ ═
2024-12-12 14:21:19,745 INFO     ___FILE_ONLY___ ═
2024-12-12 14:21:19,746 INFO     ___FILE_ONLY___ ═
2024-12-12 14:21:19,748 INFO     ___FILE_ONLY___ ═
2024-12-12 14:21:19,750 INFO     ___FILE_ONLY___ ═
2024-12-12 14:21:19,751 INFO     ___FILE_ONLY___ ═
2024-12-12 14:21:19,753 INFO     ___FILE_ONLY___ ═
2024-12-12 14:21:19,755 INFO     ___FILE_ONLY___ ═
2024-12-12 14:21:19,756 INFO     ___FILE_ONLY___ ═
2024-12-12 14:21:19,758 INFO     ___FILE_ONLY___ ═
2024-12-12 14:21:19,760 INFO     ___FILE_ONLY___ ═
2024-12-12 14:21:19,762 INFO     ___FILE_ONLY___ ═
2024-12-12 14:21:19,763 INFO     ___FILE_ONLY___ ═
2024-12-12 14:21:19,765 INFO     ___FILE_ONLY___ ═
2024-12-12 14:21:19,767 INFO     ___FILE_ONLY___ ═
2024-12-12 14:21:19,768 INFO     ___FILE_ONLY___ ═
2024-12-12 14:21:19,770 INFO     ___FILE_ONLY___ ═
2024-12-12 14:21:19,772 INFO     ___FILE_ONLY___ ═
2024-12-12 14:21:19,773 INFO     ___FILE_ONLY___ ═
2024-12-12 14:21:19,775 INFO     ___FILE_ONLY___ ═
2024-12-12 14:21:19,777 INFO     ___FILE_ONLY___ ═
2024-12-12 14:21:19,778 INFO     ___FILE_ONLY___ ═
2024-12-12 14:21:19,780 INFO     ___FILE_ONLY___ ═
2024-12-12 14:21:19,783 INFO     ___FILE_ONLY___ ═
2024-12-12 14:21:19,786 INFO     ___FILE_ONLY___ ═
2024-12-12 14:21:19,786 INFO     ___FILE_ONLY___ ╝

2024-12-12 14:21:19,789 INFO     ___FILE_ONLY___ ╔════════════════════════════════════════════════════════════╗

2024-12-12 14:21:19,789 INFO     ___FILE_ONLY___ ╠═ Downloading: Cloud Storage Command Line Tool             ═╣

2024-12-12 14:21:19,789 INFO     ___FILE_ONLY___ ╚
2024-12-12 14:21:19,799 DEBUG    urllib3.connectionpool Starting new HTTPS connection (1): dl.google.com:443
2024-12-12 14:21:19,874 DEBUG    urllib3.connectionpool https://dl.google.com:443 "GET /dl/cloudsdk/channels/rapid/components/google-cloud-sdk-gsutil-20241206142025.tar.gz HTTP/1.1" 200 12368721
2024-12-12 14:21:19,909 INFO     ___FILE_ONLY___ ═
2024-12-12 14:21:19,910 INFO     ___FILE_ONLY___ ═
2024-12-12 14:21:19,910 INFO     ___FILE_ONLY___ ═
2024-12-12 14:21:19,911 INFO     ___FILE_ONLY___ ═
2024-12-12 14:21:19,911 INFO     ___FILE_ONLY___ ═
2024-12-12 14:21:19,911 INFO     ___FILE_ONLY___ ═
2024-12-12 14:21:19,912 INFO     ___FILE_ONLY___ ═
2024-12-12 14:21:19,912 INFO     ___FILE_ONLY___ ═
2024-12-12 14:21:19,912 INFO     ___FILE_ONLY___ ═
2024-12-12 14:21:19,913 INFO     ___FILE_ONLY___ ═
2024-12-12 14:21:19,913 INFO     ___FILE_ONLY___ ═
2024-12-12 14:21:19,913 INFO     ___FILE_ONLY___ ═
2024-12-12 14:21:19,914 INFO     ___FILE_ONLY___ ═
2024-12-12 14:21:19,914 INFO     ___FILE_ONLY___ ═
2024-12-12 14:21:19,915 INFO     ___FILE_ONLY___ ═
2024-12-12 14:21:19,916 INFO     ___FILE_ONLY___ ═
2024-12-12 14:21:19,916 INFO     ___FILE_ONLY___ ═
2024-12-12 14:21:19,917 INFO     ___FILE_ONLY___ ═
2024-12-12 14:21:19,918 INFO     ___FILE_ONLY___ ═
2024-12-12 14:21:19,918 INFO     ___FILE_ONLY___ ═
2024-12-12 14:21:19,918 INFO     ___FILE_ONLY___ ═
2024-12-12 14:21:19,919 INFO     ___FILE_ONLY___ ═
2024-12-12 14:21:19,919 INFO     ___FILE_ONLY___ ═
2024-12-12 14:21:19,920 INFO     ___FILE_ONLY___ ═
2024-12-12 14:21:19,921 INFO     ___FILE_ONLY___ ═
2024-12-12 14:21:19,921 INFO     ___FILE_ONLY___ ═
2024-12-12 14:21:19,921 INFO     ___FILE_ONLY___ ═
2024-12-12 14:21:19,922 INFO     ___FILE_ONLY___ ═
2024-12-12 14:21:19,923 INFO     ___FILE_ONLY___ ═
2024-12-12 14:21:19,923 INFO     ___FILE_ONLY___ ═
2024-12-12 14:21:19,923 INFO     ___FILE_ONLY___ ═
2024-12-12 14:21:19,924 INFO     ___FILE_ONLY___ ═
2024-12-12 14:21:19,924 INFO     ___FILE_ONLY___ ═
2024-12-12 14:21:19,924 INFO     ___FILE_ONLY___ ═
2024-12-12 14:21:19,925 INFO     ___FILE_ONLY___ ═
2024-12-12 14:21:19,926 INFO     ___FILE_ONLY___ ═
2024-12-12 14:21:19,926 INFO     ___FILE_ONLY___ ═
2024-12-12 14:21:19,926 INFO     ___FILE_ONLY___ ═
2024-12-12 14:21:19,927 INFO     ___FILE_ONLY___ ═
2024-12-12 14:21:19,928 INFO     ___FILE_ONLY___ ═
2024-12-12 14:21:19,928 INFO     ___FILE_ONLY___ ═
2024-12-12 14:21:19,928 INFO     ___FILE_ONLY___ ═
2024-12-12 14:21:19,929 INFO     ___FILE_ONLY___ ═
2024-12-12 14:21:19,929 INFO     ___FILE_ONLY___ ═
2024-12-12 14:21:19,929 INFO     ___FILE_ONLY___ ═
2024-12-12 14:21:19,930 INFO     ___FILE_ONLY___ ═
2024-12-12 14:21:19,930 INFO     ___FILE_ONLY___ ═
2024-12-12 14:21:19,930 INFO     ___FILE_ONLY___ ═
2024-12-12 14:21:19,931 INFO     ___FILE_ONLY___ ═
2024-12-12 14:21:19,931 INFO     ___FILE_ONLY___ ═
2024-12-12 14:21:19,933 INFO     ___FILE_ONLY___ ═
2024-12-12 14:21:19,933 INFO     ___FILE_ONLY___ ═
2024-12-12 14:21:19,934 INFO     ___FILE_ONLY___ ═
2024-12-12 14:21:19,934 INFO     ___FILE_ONLY___ ═
2024-12-12 14:21:19,935 INFO     ___FILE_ONLY___ ═
2024-12-12 14:21:19,935 INFO     ___FILE_ONLY___ ═
2024-12-12 14:21:19,935 INFO     ___FILE_ONLY___ ═
2024-12-12 14:21:19,936 INFO     ___FILE_ONLY___ ═
2024-12-12 14:21:19,936 INFO     ___FILE_ONLY___ ═
2024-12-12 14:21:19,937 INFO     ___FILE_ONLY___ ═
2024-12-12 14:21:19,937 INFO     ___FILE_ONLY___ ╝

2024-12-12 14:21:19,939 INFO     ___FILE_ONLY___ ╔════════════════════════════════════════════════════════════╗

2024-12-12 14:21:19,939 INFO     ___FILE_ONLY___ ╠═ Downloading: Cloud Storage Command Line Tool (Platfor... ═╣

2024-12-12 14:21:19,940 INFO     ___FILE_ONLY___ ╚
2024-12-12 14:21:19,943 DEBUG    urllib3.connectionpool Starting new HTTPS connection (1): dl.google.com:443
2024-12-12 14:21:20,004 DEBUG    urllib3.connectionpool https://dl.google.com:443 "GET /dl/cloudsdk/channels/rapid/components/google-cloud-sdk-gsutil-nix-20240830134514.tar.gz HTTP/1.1" 200 1928
2024-12-12 14:21:20,004 INFO     ___FILE_ONLY___ ════════════════════════════════════════════════════════════
2024-12-12 14:21:20,005 INFO     ___FILE_ONLY___ ╝

2024-12-12 14:21:20,007 INFO     ___FILE_ONLY___ ╔════════════════════════════════════════════════════════════╗

2024-12-12 14:21:20,007 INFO     ___FILE_ONLY___ ╠═ Downloading: Default set of gcloud commands              ═╣

2024-12-12 14:21:20,007 INFO     ___FILE_ONLY___ ╚
2024-12-12 14:21:20,007 INFO     ___FILE_ONLY___ ════════════════════════════════════════════════════════════
2024-12-12 14:21:20,007 INFO     ___FILE_ONLY___ ╝

2024-12-12 14:21:20,009 INFO     ___FILE_ONLY___ ╔════════════════════════════════════════════════════════════╗

2024-12-12 14:21:20,009 INFO     ___FILE_ONLY___ ╠═ Downloading: Google Cloud CLI Core Libraries (Platfor... ═╣

2024-12-12 14:21:20,009 INFO     ___FILE_ONLY___ ╚
2024-12-12 14:21:20,012 DEBUG    urllib3.connectionpool Starting new HTTPS connection (1): dl.google.com:443
2024-12-12 14:21:20,074 DEBUG    urllib3.connectionpool https://dl.google.com:443 "GET /dl/cloudsdk/channels/rapid/components/google-cloud-sdk-core-nix-20240830134514.tar.gz HTTP/1.1" 200 2306
2024-12-12 14:21:20,075 INFO     ___FILE_ONLY___ ════════════════════════════════════════════════════════════
2024-12-12 14:21:20,075 INFO     ___FILE_ONLY___ ╝

2024-12-12 14:21:20,077 INFO     ___FILE_ONLY___ ╔════════════════════════════════════════════════════════════╗

2024-12-12 14:21:20,078 INFO     ___FILE_ONLY___ ╠═ Downloading: Google Cloud CRC32C Hash Tool               ═╣

2024-12-12 14:21:20,078 INFO     ___FILE_ONLY___ ╚
2024-12-12 14:21:20,078 INFO     ___FILE_ONLY___ ════════════════════════════════════════════════════════════
2024-12-12 14:21:20,078 INFO     ___FILE_ONLY___ ╝

2024-12-12 14:21:20,080 INFO     ___FILE_ONLY___ ╔════════════════════════════════════════════════════════════╗

2024-12-12 14:21:20,080 INFO     ___FILE_ONLY___ ╠═ Downloading: Google Cloud CRC32C Hash Tool (Platform ... ═╣

2024-12-12 14:21:20,080 INFO     ___FILE_ONLY___ ╚
2024-12-12 14:21:20,083 DEBUG    urllib3.connectionpool Starting new HTTPS connection (1): dl.google.com:443
2024-12-12 14:21:20,147 DEBUG    urllib3.connectionpool https://dl.google.com:443 "GET /dl/cloudsdk/channels/rapid/components/google-cloud-sdk-gcloud-crc32c-linux-x86_64-20240712142834.tar.gz HTTP/1.1" 200 1350263
2024-12-12 14:21:20,158 INFO     ___FILE_ONLY___ ═
2024-12-12 14:21:20,160 INFO     ___FILE_ONLY___ ═
2024-12-12 14:21:20,160 INFO     ___FILE_ONLY___ ═
2024-12-12 14:21:20,160 INFO     ___FILE_ONLY___ ═
2024-12-12 14:21:20,160 INFO     ___FILE_ONLY___ ═
2024-12-12 14:21:20,160 INFO     ___FILE_ONLY___ ═
2024-12-12 14:21:20,160 INFO     ___FILE_ONLY___ ═
2024-12-12 14:21:20,160 INFO     ___FILE_ONLY___ ═
2024-12-12 14:21:20,161 INFO     ___FILE_ONLY___ ═
2024-12-12 14:21:20,161 INFO     ___FILE_ONLY___ ═
2024-12-12 14:21:20,161 INFO     ___FILE_ONLY___ ═
2024-12-12 14:21:20,161 INFO     ___FILE_ONLY___ ═
2024-12-12 14:21:20,161 INFO     ___FILE_ONLY___ ═
2024-12-12 14:21:20,161 INFO     ___FILE_ONLY___ ═
2024-12-12 14:21:20,161 INFO     ___FILE_ONLY___ ═
2024-12-12 14:21:20,161 INFO     ___FILE_ONLY___ ═
2024-12-12 14:21:20,162 INFO     ___FILE_ONLY___ ═
2024-12-12 14:21:20,162 INFO     ___FILE_ONLY___ ═
2024-12-12 14:21:20,162 INFO     ___FILE_ONLY___ ═
2024-12-12 14:21:20,162 INFO     ___FILE_ONLY___ ═
2024-12-12 14:21:20,162 INFO     ___FILE_ONLY___ ═
2024-12-12 14:21:20,162 INFO     ___FILE_ONLY___ ═
2024-12-12 14:21:20,163 INFO     ___FILE_ONLY___ ═
2024-12-12 14:21:20,163 INFO     ___FILE_ONLY___ ═
2024-12-12 14:21:20,163 INFO     ___FILE_ONLY___ ═
2024-12-12 14:21:20,163 INFO     ___FILE_ONLY___ ═
2024-12-12 14:21:20,163 INFO     ___FILE_ONLY___ ═
2024-12-12 14:21:20,163 INFO     ___FILE_ONLY___ ═
2024-12-12 14:21:20,163 INFO     ___FILE_ONLY___ ═
2024-12-12 14:21:20,163 INFO     ___FILE_ONLY___ ═
2024-12-12 14:21:20,163 INFO     ___FILE_ONLY___ ═
2024-12-12 14:21:20,163 INFO     ___FILE_ONLY___ ═
2024-12-12 14:21:20,163 INFO     ___FILE_ONLY___ ═
2024-12-12 14:21:20,164 INFO     ___FILE_ONLY___ ═
2024-12-12 14:21:20,164 INFO     ___FILE_ONLY___ ═
2024-12-12 14:21:20,164 INFO     ___FILE_ONLY___ ═
2024-12-12 14:21:20,164 INFO     ___FILE_ONLY___ ═
2024-12-12 14:21:20,164 INFO     ___FILE_ONLY___ ═
2024-12-12 14:21:20,164 INFO     ___FILE_ONLY___ ═
2024-12-12 14:21:20,164 INFO     ___FILE_ONLY___ ═
2024-12-12 14:21:20,164 INFO     ___FILE_ONLY___ ═
2024-12-12 14:21:20,164 INFO     ___FILE_ONLY___ ═
2024-12-12 14:21:20,164 INFO     ___FILE_ONLY___ ═
2024-12-12 14:21:20,164 INFO     ___FILE_ONLY___ ═
2024-12-12 14:21:20,165 INFO     ___FILE_ONLY___ ═
2024-12-12 14:21:20,165 INFO     ___FILE_ONLY___ ═
2024-12-12 14:21:20,165 INFO     ___FILE_ONLY___ ═
2024-12-12 14:21:20,166 INFO     ___FILE_ONLY___ ═
2024-12-12 14:21:20,166 INFO     ___FILE_ONLY___ ═
2024-12-12 14:21:20,166 INFO     ___FILE_ONLY___ ═
2024-12-12 14:21:20,166 INFO     ___FILE_ONLY___ ═
2024-12-12 14:21:20,166 INFO     ___FILE_ONLY___ ═
2024-12-12 14:21:20,166 INFO     ___FILE_ONLY___ ═
2024-12-12 14:21:20,166 INFO     ___FILE_ONLY___ ═
2024-12-12 14:21:20,166 INFO     ___FILE_ONLY___ ═
2024-12-12 14:21:20,167 INFO     ___FILE_ONLY___ ═
2024-12-12 14:21:20,167 INFO     ___FILE_ONLY___ ═
2024-12-12 14:21:20,167 INFO     ___FILE_ONLY___ ═
2024-12-12 14:21:20,167 INFO     ___FILE_ONLY___ ═
2024-12-12 14:21:20,167 INFO     ___FILE_ONLY___ ═
2024-12-12 14:21:20,167 INFO     ___FILE_ONLY___ ╝

2024-12-12 14:21:20,169 INFO     ___FILE_ONLY___ ╔════════════════════════════════════════════════════════════╗

2024-12-12 14:21:20,169 INFO     ___FILE_ONLY___ ╠═ Downloading: gcloud cli dependencies (Platform Specific) ═╣

2024-12-12 14:21:20,169 INFO     ___FILE_ONLY___ ╚
2024-12-12 14:21:20,173 DEBUG    urllib3.connectionpool Starting new HTTPS connection (1): dl.google.com:443
2024-12-12 14:21:20,349 DEBUG    urllib3.connectionpool https://dl.google.com:443 "GET /dl/cloudsdk/channels/rapid/components/google-cloud-sdk-gcloud-deps-linux-x86_64-20210416153011.tar.gz HTTP/1.1" 200 104
2024-12-12 14:21:20,350 INFO     ___FILE_ONLY___ ════════════════════════════════════════════════════════════
2024-12-12 14:21:20,350 INFO     ___FILE_ONLY___ ╝

2024-12-12 14:21:20,352 INFO     ___FILE_ONLY___ ╔════════════════════════════════════════════════════════════╗

2024-12-12 14:21:20,352 INFO     ___FILE_ONLY___ ╠═ Installing: BigQuery Command Line Tool                   ═╣

2024-12-12 14:21:20,352 INFO     ___FILE_ONLY___ ╚
2024-12-12 14:21:20,453 INFO     ___FILE_ONLY___ ═
2024-12-12 14:21:20,456 INFO     ___FILE_ONLY___ ═
2024-12-12 14:21:20,459 INFO     ___FILE_ONLY___ ═
2024-12-12 14:21:20,461 INFO     ___FILE_ONLY___ ═
2024-12-12 14:21:20,464 INFO     ___FILE_ONLY___ ═
2024-12-12 14:21:20,467 INFO     ___FILE_ONLY___ ═
2024-12-12 14:21:20,471 INFO     ___FILE_ONLY___ ═
2024-12-12 14:21:20,475 INFO     ___FILE_ONLY___ ═
2024-12-12 14:21:20,479 INFO     ___FILE_ONLY___ ═
2024-12-12 14:21:20,482 INFO     ___FILE_ONLY___ ═
2024-12-12 14:21:20,485 INFO     ___FILE_ONLY___ ═
2024-12-12 14:21:20,487 INFO     ___FILE_ONLY___ ═
2024-12-12 14:21:20,490 INFO     ___FILE_ONLY___ ═
2024-12-12 14:21:20,492 INFO     ___FILE_ONLY___ ═
2024-12-12 14:21:20,495 INFO     ___FILE_ONLY___ ═
2024-12-12 14:21:20,497 INFO     ___FILE_ONLY___ ═
2024-12-12 14:21:20,499 INFO     ___FILE_ONLY___ ═
2024-12-12 14:21:20,503 INFO     ___FILE_ONLY___ ═
2024-12-12 14:21:20,505 INFO     ___FILE_ONLY___ ═
2024-12-12 14:21:20,508 INFO     ___FILE_ONLY___ ═
2024-12-12 14:21:20,512 INFO     ___FILE_ONLY___ ═
2024-12-12 14:21:20,515 INFO     ___FILE_ONLY___ ═
2024-12-12 14:21:20,518 INFO     ___FILE_ONLY___ ═
2024-12-12 14:21:20,520 INFO     ___FILE_ONLY___ ═
2024-12-12 14:21:20,523 INFO     ___FILE_ONLY___ ═
2024-12-12 14:21:20,525 INFO     ___FILE_ONLY___ ═
2024-12-12 14:21:20,527 INFO     ___FILE_ONLY___ ═
2024-12-12 14:21:20,530 INFO     ___FILE_ONLY___ ═
2024-12-12 14:21:20,533 INFO     ___FILE_ONLY___ ═
2024-12-12 14:21:20,536 INFO     ___FILE_ONLY___ ═
2024-12-12 14:21:20,538 INFO     ___FILE_ONLY___ ═
2024-12-12 14:21:20,540 INFO     ___FILE_ONLY___ ═
2024-12-12 14:21:20,543 INFO     ___FILE_ONLY___ ═
2024-12-12 14:21:20,547 INFO     ___FILE_ONLY___ ═
2024-12-12 14:21:20,556 INFO     ___FILE_ONLY___ ═
2024-12-12 14:21:20,557 INFO     ___FILE_ONLY___ ═
2024-12-12 14:21:20,560 INFO     ___FILE_ONLY___ ═
2024-12-12 14:21:20,565 INFO     ___FILE_ONLY___ ═
2024-12-12 14:21:20,567 INFO     ___FILE_ONLY___ ═
2024-12-12 14:21:20,570 INFO     ___FILE_ONLY___ ═
2024-12-12 14:21:20,572 INFO     ___FILE_ONLY___ ═
2024-12-12 14:21:20,574 INFO     ___FILE_ONLY___ ═
2024-12-12 14:21:20,579 INFO     ___FILE_ONLY___ ═
2024-12-12 14:21:20,582 INFO     ___FILE_ONLY___ ═
2024-12-12 14:21:20,584 INFO     ___FILE_ONLY___ ═
2024-12-12 14:21:20,586 INFO     ___FILE_ONLY___ ═
2024-12-12 14:21:20,588 INFO     ___FILE_ONLY___ ═
2024-12-12 14:21:20,590 INFO     ___FILE_ONLY___ ═
2024-12-12 14:21:20,593 INFO     ___FILE_ONLY___ ═
2024-12-12 14:21:20,595 INFO     ___FILE_ONLY___ ═
2024-12-12 14:21:20,597 INFO     ___FILE_ONLY___ ═
2024-12-12 14:21:20,599 INFO     ___FILE_ONLY___ ═
2024-12-12 14:21:20,602 INFO     ___FILE_ONLY___ ═
2024-12-12 14:21:20,604 INFO     ___FILE_ONLY___ ═
2024-12-12 14:21:20,607 INFO     ___FILE_ONLY___ ═
2024-12-12 14:21:20,608 INFO     ___FILE_ONLY___ ═
2024-12-12 14:21:20,610 INFO     ___FILE_ONLY___ ═
2024-12-12 14:21:20,615 INFO     ___FILE_ONLY___ ═
2024-12-12 14:21:20,618 INFO     ___FILE_ONLY___ ═
2024-12-12 14:21:20,622 INFO     ___FILE_ONLY___ ═
2024-12-12 14:21:20,622 INFO     ___FILE_ONLY___ ╝

2024-12-12 14:21:20,635 INFO     ___FILE_ONLY___ ╔════════════════════════════════════════════════════════════╗

2024-12-12 14:21:20,635 INFO     ___FILE_ONLY___ ╠═ Installing: BigQuery Command Line Tool (Platform Spec... ═╣

2024-12-12 14:21:20,637 INFO     ___FILE_ONLY___ ╚
2024-12-12 14:21:20,638 INFO     ___FILE_ONLY___ ════════════════════════════════════════════════════════════
2024-12-12 14:21:20,638 INFO     ___FILE_ONLY___ ╝

2024-12-12 14:21:20,647 INFO     ___FILE_ONLY___ ╔════════════════════════════════════════════════════════════╗

2024-12-12 14:21:20,647 INFO     ___FILE_ONLY___ ╠═ Installing: Bundled Python 3.11                          ═╣

2024-12-12 14:21:20,647 INFO     ___FILE_ONLY___ ╚
2024-12-12 14:21:20,651 INFO     ___FILE_ONLY___ ════════════════════════════════════════════════════════════
2024-12-12 14:21:20,651 INFO     ___FILE_ONLY___ ╝

2024-12-12 14:21:20,653 INFO     ___FILE_ONLY___ ╔════════════════════════════════════════════════════════════╗

2024-12-12 14:21:20,653 INFO     ___FILE_ONLY___ ╠═ Installing: Bundled Python 3.11 (Platform Specific)      ═╣

2024-12-12 14:21:20,653 INFO     ___FILE_ONLY___ ╚
2024-12-12 14:21:22,570 INFO     ___FILE_ONLY___ ═
2024-12-12 14:21:22,585 INFO     ___FILE_ONLY___ ═
2024-12-12 14:21:22,598 INFO     ___FILE_ONLY___ ═
2024-12-12 14:21:22,610 INFO     ___FILE_ONLY___ ═
2024-12-12 14:21:22,623 INFO     ___FILE_ONLY___ ═
2024-12-12 14:21:22,635 INFO     ___FILE_ONLY___ ═
2024-12-12 14:21:22,649 INFO     ___FILE_ONLY___ ═
2024-12-12 14:21:22,662 INFO     ___FILE_ONLY___ ═
2024-12-12 14:21:22,675 INFO     ___FILE_ONLY___ ═
2024-12-12 14:21:22,687 INFO     ___FILE_ONLY___ ═
2024-12-12 14:21:22,700 INFO     ___FILE_ONLY___ ═
2024-12-12 14:21:22,712 INFO     ___FILE_ONLY___ ═
2024-12-12 14:21:22,724 INFO     ___FILE_ONLY___ ═
2024-12-12 14:21:22,736 INFO     ___FILE_ONLY___ ═
2024-12-12 14:21:22,749 INFO     ___FILE_ONLY___ ═
2024-12-12 14:21:22,762 INFO     ___FILE_ONLY___ ═
2024-12-12 14:21:22,774 INFO     ___FILE_ONLY___ ═
2024-12-12 14:21:22,786 INFO     ___FILE_ONLY___ ═
2024-12-12 14:21:22,799 INFO     ___FILE_ONLY___ ═
2024-12-12 14:21:22,811 INFO     ___FILE_ONLY___ ═
2024-12-12 14:21:22,823 INFO     ___FILE_ONLY___ ═
2024-12-12 14:21:22,836 INFO     ___FILE_ONLY___ ═
2024-12-12 14:21:22,848 INFO     ___FILE_ONLY___ ═
2024-12-12 14:21:22,860 INFO     ___FILE_ONLY___ ═
2024-12-12 14:21:22,873 INFO     ___FILE_ONLY___ ═
2024-12-12 14:21:22,885 INFO     ___FILE_ONLY___ ═
2024-12-12 14:21:22,896 INFO     ___FILE_ONLY___ ═
2024-12-12 14:21:22,908 INFO     ___FILE_ONLY___ ═
2024-12-12 14:21:22,921 INFO     ___FILE_ONLY___ ═
2024-12-12 14:21:22,933 INFO     ___FILE_ONLY___ ═
2024-12-12 14:21:22,945 INFO     ___FILE_ONLY___ ═
2024-12-12 14:21:22,957 INFO     ___FILE_ONLY___ ═
2024-12-12 14:21:22,969 INFO     ___FILE_ONLY___ ═
2024-12-12 14:21:22,982 INFO     ___FILE_ONLY___ ═
2024-12-12 14:21:22,996 INFO     ___FILE_ONLY___ ═
2024-12-12 14:21:23,008 INFO     ___FILE_ONLY___ ═
2024-12-12 14:21:23,715 INFO     ___FILE_ONLY___ ═
2024-12-12 14:21:23,742 INFO     ___FILE_ONLY___ ═
2024-12-12 14:21:23,767 INFO     ___FILE_ONLY___ ═
2024-12-12 14:21:23,788 INFO     ___FILE_ONLY___ ═
2024-12-12 14:21:23,810 INFO     ___FILE_ONLY___ ═
2024-12-12 14:21:23,947 INFO     ___FILE_ONLY___ ═
2024-12-12 14:21:23,975 INFO     ___FILE_ONLY___ ═
2024-12-12 14:21:23,994 INFO     ___FILE_ONLY___ ═
2024-12-12 14:21:24,012 INFO     ___FILE_ONLY___ ═
2024-12-12 14:21:24,034 INFO     ___FILE_ONLY___ ═
2024-12-12 14:21:24,068 INFO     ___FILE_ONLY___ ═
2024-12-12 14:21:24,091 INFO     ___FILE_ONLY___ ═
2024-12-12 14:21:24,110 INFO     ___FILE_ONLY___ ═
2024-12-12 14:21:24,125 INFO     ___FILE_ONLY___ ═
2024-12-12 14:21:24,217 INFO     ___FILE_ONLY___ ═
2024-12-12 14:21:24,237 INFO     ___FILE_ONLY___ ═
2024-12-12 14:21:24,257 INFO     ___FILE_ONLY___ ═
2024-12-12 14:21:24,276 INFO     ___FILE_ONLY___ ═
2024-12-12 14:21:24,321 INFO     ___FILE_ONLY___ ═
2024-12-12 14:21:24,679 INFO     ___FILE_ONLY___ ═
2024-12-12 14:21:24,698 INFO     ___FILE_ONLY___ ═
2024-12-12 14:21:24,719 INFO     ___FILE_ONLY___ ═
2024-12-12 14:21:24,737 INFO     ___FILE_ONLY___ ═
2024-12-12 14:21:25,095 INFO     ___FILE_ONLY___ ═
2024-12-12 14:21:25,095 INFO     ___FILE_ONLY___ ╝

2024-12-12 14:21:25,163 INFO     ___FILE_ONLY___ ╔════════════════════════════════════════════════════════════╗

2024-12-12 14:21:25,163 INFO     ___FILE_ONLY___ ╠═ Installing: Cloud Storage Command Line Tool              ═╣

2024-12-12 14:21:25,163 INFO     ___FILE_ONLY___ ╚
2024-12-12 14:21:25,702 INFO     ___FILE_ONLY___ ═
2024-12-12 14:21:25,720 INFO     ___FILE_ONLY___ ═
2024-12-12 14:21:25,742 INFO     ___FILE_ONLY___ ═
2024-12-12 14:21:25,760 INFO     ___FILE_ONLY___ ═
2024-12-12 14:21:25,776 INFO     ___FILE_ONLY___ ═
2024-12-12 14:21:25,790 INFO     ___FILE_ONLY___ ═
2024-12-12 14:21:25,805 INFO     ___FILE_ONLY___ ═
2024-12-12 14:21:25,818 INFO     ___FILE_ONLY___ ═
2024-12-12 14:21:25,833 INFO     ___FILE_ONLY___ ═
2024-12-12 14:21:25,847 INFO     ___FILE_ONLY___ ═
2024-12-12 14:21:25,861 INFO     ___FILE_ONLY___ ═
2024-12-12 14:21:25,889 INFO     ___FILE_ONLY___ ═
2024-12-12 14:21:25,901 INFO     ___FILE_ONLY___ ═
2024-12-12 14:21:25,912 INFO     ___FILE_ONLY___ ═
2024-12-12 14:21:25,922 INFO     ___FILE_ONLY___ ═
2024-12-12 14:21:25,931 INFO     ___FILE_ONLY___ ═
2024-12-12 14:21:25,942 INFO     ___FILE_ONLY___ ═
2024-12-12 14:21:25,952 INFO     ___FILE_ONLY___ ═
2024-12-12 14:21:25,965 INFO     ___FILE_ONLY___ ═
2024-12-12 14:21:25,985 INFO     ___FILE_ONLY___ ═
2024-12-12 14:21:26,000 INFO     ___FILE_ONLY___ ═
2024-12-12 14:21:26,017 INFO     ___FILE_ONLY___ ═
2024-12-12 14:21:26,032 INFO     ___FILE_ONLY___ ═
2024-12-12 14:21:26,046 INFO     ___FILE_ONLY___ ═
2024-12-12 14:21:26,060 INFO     ___FILE_ONLY___ ═
2024-12-12 14:21:26,080 INFO     ___FILE_ONLY___ ═
2024-12-12 14:21:26,103 INFO     ___FILE_ONLY___ ═
2024-12-12 14:21:26,122 INFO     ___FILE_ONLY___ ═
2024-12-12 14:21:26,139 INFO     ___FILE_ONLY___ ═
2024-12-12 14:21:26,165 INFO     ___FILE_ONLY___ ═
2024-12-12 14:21:26,180 INFO     ___FILE_ONLY___ ═
2024-12-12 14:21:26,197 INFO     ___FILE_ONLY___ ═
2024-12-12 14:21:26,221 INFO     ___FILE_ONLY___ ═
2024-12-12 14:21:26,234 INFO     ___FILE_ONLY___ ═
2024-12-12 14:21:26,245 INFO     ___FILE_ONLY___ ═
2024-12-12 14:21:26,256 INFO     ___FILE_ONLY___ ═
2024-12-12 14:21:26,272 INFO     ___FILE_ONLY___ ═
2024-12-12 14:21:26,287 INFO     ___FILE_ONLY___ ═
2024-12-12 14:21:26,303 INFO     ___FILE_ONLY___ ═
2024-12-12 14:21:26,320 INFO     ___FILE_ONLY___ ═
2024-12-12 14:21:26,331 INFO     ___FILE_ONLY___ ═
2024-12-12 14:21:26,344 INFO     ___FILE_ONLY___ ═
2024-12-12 14:21:26,356 INFO     ___FILE_ONLY___ ═
2024-12-12 14:21:26,373 INFO     ___FILE_ONLY___ ═
2024-12-12 14:21:26,396 INFO     ___FILE_ONLY___ ═
2024-12-12 14:21:26,412 INFO     ___FILE_ONLY___ ═
2024-12-12 14:21:26,426 INFO     ___FILE_ONLY___ ═
2024-12-12 14:21:26,439 INFO     ___FILE_ONLY___ ═
2024-12-12 14:21:26,450 INFO     ___FILE_ONLY___ ═
2024-12-12 14:21:26,463 INFO     ___FILE_ONLY___ ═
2024-12-12 14:21:26,483 INFO     ___FILE_ONLY___ ═
2024-12-12 14:21:26,498 INFO     ___FILE_ONLY___ ═
2024-12-12 14:21:26,519 INFO     ___FILE_ONLY___ ═
2024-12-12 14:21:26,536 INFO     ___FILE_ONLY___ ═
2024-12-12 14:21:26,574 INFO     ___FILE_ONLY___ ═
2024-12-12 14:21:26,584 INFO     ___FILE_ONLY___ ═
2024-12-12 14:21:26,595 INFO     ___FILE_ONLY___ ═
2024-12-12 14:21:26,606 INFO     ___FILE_ONLY___ ═
2024-12-12 14:21:26,618 INFO     ___FILE_ONLY___ ═
2024-12-12 14:21:26,633 INFO     ___FILE_ONLY___ ═
2024-12-12 14:21:26,633 INFO     ___FILE_ONLY___ ╝

2024-12-12 14:21:26,677 INFO     ___FILE_ONLY___ ╔════════════════════════════════════════════════════════════╗

2024-12-12 14:21:26,678 INFO     ___FILE_ONLY___ ╠═ Installing: Cloud Storage Command Line Tool (Platform... ═╣

2024-12-12 14:21:26,678 INFO     ___FILE_ONLY___ ╚
2024-12-12 14:21:26,679 INFO     ___FILE_ONLY___ ════════════════════════════════════════════════════════════
2024-12-12 14:21:26,679 INFO     ___FILE_ONLY___ ╝

2024-12-12 14:21:26,684 INFO     ___FILE_ONLY___ ╔════════════════════════════════════════════════════════════╗

2024-12-12 14:21:26,684 INFO     ___FILE_ONLY___ ╠═ Installing: Default set of gcloud commands               ═╣

2024-12-12 14:21:26,684 INFO     ___FILE_ONLY___ ╚
2024-12-12 14:21:26,687 INFO     ___FILE_ONLY___ ════════════════════════════════════════════════════════════
2024-12-12 14:21:26,687 INFO     ___FILE_ONLY___ ╝

2024-12-12 14:21:26,689 INFO     ___FILE_ONLY___ ╔════════════════════════════════════════════════════════════╗

2024-12-12 14:21:26,689 INFO     ___FILE_ONLY___ ╠═ Installing: Google Cloud CLI Core Libraries (Platform... ═╣

2024-12-12 14:21:26,689 INFO     ___FILE_ONLY___ ╚
2024-12-12 14:21:26,690 INFO     ___FILE_ONLY___ ══════════════════════════════
2024-12-12 14:21:26,691 INFO     ___FILE_ONLY___ ══════════════════════════════
2024-12-12 14:21:26,691 INFO     ___FILE_ONLY___ ╝

2024-12-12 14:21:26,696 INFO     ___FILE_ONLY___ ╔════════════════════════════════════════════════════════════╗

2024-12-12 14:21:26,696 INFO     ___FILE_ONLY___ ╠═ Installing: Google Cloud CRC32C Hash Tool                ═╣

2024-12-12 14:21:26,696 INFO     ___FILE_ONLY___ ╚
2024-12-12 14:21:26,699 INFO     ___FILE_ONLY___ ════════════════════════════════════════════════════════════
2024-12-12 14:21:26,699 INFO     ___FILE_ONLY___ ╝

2024-12-12 14:21:26,701 INFO     ___FILE_ONLY___ ╔════════════════════════════════════════════════════════════╗

2024-12-12 14:21:26,701 INFO     ___FILE_ONLY___ ╠═ Installing: Google Cloud CRC32C Hash Tool (Platform S... ═╣

2024-12-12 14:21:26,701 INFO     ___FILE_ONLY___ ╚
2024-12-12 14:21:26,738 INFO     ___FILE_ONLY___ ══════════════════════════════
2024-12-12 14:21:26,738 INFO     ___FILE_ONLY___ ══════════════════════════════
2024-12-12 14:21:26,738 INFO     ___FILE_ONLY___ ╝

2024-12-12 14:21:26,744 INFO     ___FILE_ONLY___ ╔════════════════════════════════════════════════════════════╗

2024-12-12 14:21:26,745 INFO     ___FILE_ONLY___ ╠═ Installing: gcloud cli dependencies (Platform Specific)  ═╣

2024-12-12 14:21:26,745 INFO     ___FILE_ONLY___ ╚
2024-12-12 14:21:26,746 INFO     ___FILE_ONLY___ ════════════════════════════════════════════════════════════
2024-12-12 14:21:26,746 INFO     ___FILE_ONLY___ ╝

2024-12-12 14:21:26,754 DEBUG    root            Updating notification cache...
2024-12-12 14:21:26,755 INFO     ___FILE_ONLY___ 

2024-12-12 14:21:26,757 INFO     ___FILE_ONLY___ Performing post processing steps...
2024-12-12 14:21:26,757 DEBUG    root            Executing command: ['/tools/google-cloud-sdk/bin/gcloud', 'components', 'post-process']
2024-12-12 14:21:36,868 DEBUG    ___FILE_ONLY___ 
2024-12-12 14:21:36,868 DEBUG    ___FILE_ONLY___ 
2024-12-12 14:21:37,033 INFO     ___FILE_ONLY___ 
Update done!


2024-12-12 14:21:37,036 DEBUG    root            Chosen display Format:none
2024-12-12 14:21:37,036 INFO     root            Display format: "none"
