2024-12-12 14:21:37,567 DEBUG    root            Loaded Command Group: ['gcloud', 'components']
2024-12-12 14:21:37,569 DEBUG    root            Loaded Command Group: ['gcloud', 'components', 'update']
2024-12-12 14:21:37,571 DEBUG    root            Running [gcloud.components.update] with arguments: [--quiet: "True", COMPONENT-IDS:8: "['gcloud', 'core', 'bq', 'gsutil', 'compute', 'preview', 'alpha', 'beta']"]
2024-12-12 14:21:37,572 INFO     ___FILE_ONLY___ Beginning update. This process may take several minutes.

2024-12-12 14:21:37,580 DEBUG    urllib3.connectionpool Starting new HTTPS connection (1): dl.google.com:443
2024-12-12 14:21:37,645 DEBUG    urllib3.connectionpool https://dl.google.com:443 "GET /dl/cloudsdk/channels/rapid/components-2.json HTTP/1.1" 200 227817
2024-12-12 14:21:37,661 WARNING  root            Component [compute] no longer exists.
2024-12-12 14:21:37,662 INFO     ___FILE_ONLY___ 

2024-12-12 14:21:37,662 INFO     ___FILE_ONLY___ 
Your current Google Cloud CLI version is: 503.0.0

2024-12-12 14:21:37,662 INFO     ___FILE_ONLY___ Installing components from version: 503.0.0

2024-12-12 14:21:37,662 INFO     ___FILE_ONLY___ 

2024-12-12 14:21:37,662 DEBUG    root            Chosen display Format:table[box,title="These components will be removed."](details.display_name:label=Name:align=left,version.version_string:label=Version:align=right,data.size.size(zero="",min=1048576):label=Size:align=right)
2024-12-12 14:21:37,663 DEBUG    root            Chosen display Format:table[box,title="These components will be updated."](details.display_name:label=Name:align=left,version.version_string:label=Version:align=right,data.size.size(zero="",min=1048576):label=Size:align=right)
2024-12-12 14:21:37,663 DEBUG    root            Chosen display Format:table[box,title="These components will be installed."](details.display_name:label=Name:align=left,version.version_string:label=Version:align=right,data.size.size(zero="",min=1048576):label=Size:align=right)
2024-12-12 14:21:37,679 INFO     ___FILE_ONLY___ ┌────────────────────────────────────────────────┐
2024-12-12 14:21:37,679 INFO     ___FILE_ONLY___ 

2024-12-12 14:21:37,679 INFO     ___FILE_ONLY___ │      These components will be installed.       │
2024-12-12 14:21:37,679 INFO     ___FILE_ONLY___ 

2024-12-12 14:21:37,679 INFO     ___FILE_ONLY___ ├─────────────────────────┬────────────┬─────────┤
2024-12-12 14:21:37,679 INFO     ___FILE_ONLY___ 

2024-12-12 14:21:37,679 INFO     ___FILE_ONLY___ │           Name          │  Version   │   Size  │
2024-12-12 14:21:37,680 INFO     ___FILE_ONLY___ 

2024-12-12 14:21:37,680 INFO     ___FILE_ONLY___ ├─────────────────────────┼────────────┼─────────┤
2024-12-12 14:21:37,680 INFO     ___FILE_ONLY___ 

2024-12-12 14:21:37,680 INFO     ___FILE_ONLY___ │ 
2024-12-12 14:21:37,680 INFO     ___FILE_ONLY___ gcloud Alpha Commands  
2024-12-12 14:21:37,680 INFO     ___FILE_ONLY___  
2024-12-12 14:21:37,680 INFO     ___FILE_ONLY___ │ 
2024-12-12 14:21:37,680 INFO     ___FILE_ONLY___ 2024.12.06
2024-12-12 14:21:37,680 INFO     ___FILE_ONLY___  
2024-12-12 14:21:37,680 INFO     ___FILE_ONLY___ │ 
2024-12-12 14:21:37,680 INFO     ___FILE_ONLY___ < 1 MiB
2024-12-12 14:21:37,680 INFO     ___FILE_ONLY___  
2024-12-12 14:21:37,680 INFO     ___FILE_ONLY___ │
2024-12-12 14:21:37,680 INFO     ___FILE_ONLY___ 

2024-12-12 14:21:37,680 INFO     ___FILE_ONLY___ │ 
2024-12-12 14:21:37,680 INFO     ___FILE_ONLY___ gcloud Beta Commands   
2024-12-12 14:21:37,680 INFO     ___FILE_ONLY___  
2024-12-12 14:21:37,680 INFO     ___FILE_ONLY___ │ 
2024-12-12 14:21:37,681 INFO     ___FILE_ONLY___ 2024.12.06
2024-12-12 14:21:37,681 INFO     ___FILE_ONLY___  
2024-12-12 14:21:37,681 INFO     ___FILE_ONLY___ │ 
2024-12-12 14:21:37,681 INFO     ___FILE_ONLY___ < 1 MiB
2024-12-12 14:21:37,681 INFO     ___FILE_ONLY___  
2024-12-12 14:21:37,681 INFO     ___FILE_ONLY___ │
2024-12-12 14:21:37,681 INFO     ___FILE_ONLY___ 

2024-12-12 14:21:37,681 INFO     ___FILE_ONLY___ │ 
2024-12-12 14:21:37,681 INFO     ___FILE_ONLY___ gcloud Preview Commands
2024-12-12 14:21:37,681 INFO     ___FILE_ONLY___  
2024-12-12 14:21:37,681 INFO     ___FILE_ONLY___ │ 
2024-12-12 14:21:37,681 INFO     ___FILE_ONLY___           
2024-12-12 14:21:37,681 INFO     ___FILE_ONLY___  
2024-12-12 14:21:37,681 INFO     ___FILE_ONLY___ │ 
2024-12-12 14:21:37,681 INFO     ___FILE_ONLY___ < 1 MiB
2024-12-12 14:21:37,681 INFO     ___FILE_ONLY___  
2024-12-12 14:21:37,681 INFO     ___FILE_ONLY___ │
2024-12-12 14:21:37,682 INFO     ___FILE_ONLY___ 

2024-12-12 14:21:37,682 INFO     ___FILE_ONLY___ └─────────────────────────┴────────────┴─────────┘
2024-12-12 14:21:37,682 INFO     ___FILE_ONLY___ 

2024-12-12 14:21:37,682 INFO     ___FILE_ONLY___ 

2024-12-12 14:21:37,685 DEBUG    urllib3.connectionpool Starting new HTTPS connection (1): dl.google.com:443
2024-12-12 14:21:37,748 DEBUG    urllib3.connectionpool https://dl.google.com:443 "GET /dl/cloudsdk/channels/rapid/RELEASE_NOTES HTTP/1.1" 200 1327953
2024-12-12 14:21:37,786 INFO     ___FILE_ONLY___ For the latest full release notes, please visit:
  https://cloud.google.com/sdk/release_notes


2024-12-12 14:21:37,787 INFO     ___FILE_ONLY___ Performing in place update...


2024-12-12 14:21:37,789 INFO     ___FILE_ONLY___ ╔════════════════════════════════════════════════════════════╗

2024-12-12 14:21:37,789 INFO     ___FILE_ONLY___ ╠═ Downloading: gcloud Alpha Commands                       ═╣

2024-12-12 14:21:37,789 INFO     ___FILE_ONLY___ ╚
2024-12-12 14:21:37,792 DEBUG    urllib3.connectionpool Starting new HTTPS connection (1): dl.google.com:443
2024-12-12 14:21:37,853 DEBUG    urllib3.connectionpool https://dl.google.com:443 "GET /dl/cloudsdk/channels/rapid/components/google-cloud-sdk-alpha-20241206142025.tar.gz HTTP/1.1" 200 800
2024-12-12 14:21:37,854 INFO     ___FILE_ONLY___ ════════════════════════════════════════════════════════════
2024-12-12 14:21:37,854 INFO     ___FILE_ONLY___ ╝

2024-12-12 14:21:37,856 INFO     ___FILE_ONLY___ ╔════════════════════════════════════════════════════════════╗

2024-12-12 14:21:37,856 INFO     ___FILE_ONLY___ ╠═ Downloading: gcloud Beta Commands                        ═╣

2024-12-12 14:21:37,857 INFO     ___FILE_ONLY___ ╚
2024-12-12 14:21:37,860 DEBUG    urllib3.connectionpool Starting new HTTPS connection (1): dl.google.com:443
2024-12-12 14:21:37,922 DEBUG    urllib3.connectionpool https://dl.google.com:443 "GET /dl/cloudsdk/channels/rapid/components/google-cloud-sdk-beta-20241206142025.tar.gz HTTP/1.1" 200 797
2024-12-12 14:21:37,922 INFO     ___FILE_ONLY___ ════════════════════════════════════════════════════════════
2024-12-12 14:21:37,923 INFO     ___FILE_ONLY___ ╝

2024-12-12 14:21:37,925 INFO     ___FILE_ONLY___ ╔════════════════════════════════════════════════════════════╗

2024-12-12 14:21:37,925 INFO     ___FILE_ONLY___ ╠═ Downloading: gcloud Preview Commands                     ═╣

2024-12-12 14:21:37,925 INFO     ___FILE_ONLY___ ╚
2024-12-12 14:21:37,928 DEBUG    urllib3.connectionpool Starting new HTTPS connection (1): dl.google.com:443
2024-12-12 14:21:38,019 DEBUG    urllib3.connectionpool https://dl.google.com:443 "GET /dl/cloudsdk/channels/rapid/components/google-cloud-sdk-preview-20241115154308.tar.gz HTTP/1.1" 200 823
2024-12-12 14:21:38,020 INFO     ___FILE_ONLY___ ════════════════════════════════════════════════════════════
2024-12-12 14:21:38,020 INFO     ___FILE_ONLY___ ╝

2024-12-12 14:21:38,022 INFO     ___FILE_ONLY___ ╔════════════════════════════════════════════════════════════╗

2024-12-12 14:21:38,022 INFO     ___FILE_ONLY___ ╠═ Installing: gcloud Alpha Commands                        ═╣

2024-12-12 14:21:38,023 INFO     ___FILE_ONLY___ ╚
2024-12-12 14:21:38,023 INFO     ___FILE_ONLY___ ════════════════════════════════════════════════════════════
2024-12-12 14:21:38,024 INFO     ___FILE_ONLY___ ╝

2024-12-12 14:21:38,035 INFO     ___FILE_ONLY___ ╔════════════════════════════════════════════════════════════╗

2024-12-12 14:21:38,035 INFO     ___FILE_ONLY___ ╠═ Installing: gcloud Beta Commands                         ═╣

2024-12-12 14:21:38,035 INFO     ___FILE_ONLY___ ╚
2024-12-12 14:21:38,036 INFO     ___FILE_ONLY___ ════════════════════════════════════════════════════════════
2024-12-12 14:21:38,036 INFO     ___FILE_ONLY___ ╝

2024-12-12 14:21:38,041 INFO     ___FILE_ONLY___ ╔════════════════════════════════════════════════════════════╗

2024-12-12 14:21:38,041 INFO     ___FILE_ONLY___ ╠═ Installing: gcloud Preview Commands                      ═╣

2024-12-12 14:21:38,041 INFO     ___FILE_ONLY___ ╚
2024-12-12 14:21:38,042 INFO     ___FILE_ONLY___ ════════════════════════════════════════════════════════════
2024-12-12 14:21:38,042 INFO     ___FILE_ONLY___ ╝

2024-12-12 14:21:38,048 DEBUG    root            Updating notification cache...
2024-12-12 14:21:38,049 INFO     ___FILE_ONLY___ 

2024-12-12 14:21:38,051 INFO     ___FILE_ONLY___ Performing post processing steps...
2024-12-12 14:21:38,051 DEBUG    root            Executing command: ['/tools/google-cloud-sdk/bin/gcloud', 'components', 'post-process']
2024-12-12 14:21:48,797 DEBUG    ___FILE_ONLY___ 
2024-12-12 14:21:48,797 DEBUG    ___FILE_ONLY___ 
2024-12-12 14:21:48,824 INFO     ___FILE_ONLY___ 
Update done!


2024-12-12 14:21:48,826 DEBUG    root            Chosen display Format:none
2024-12-12 14:21:48,827 INFO     root            Display format: "none"
